[0.007s] Invoking command in '/home/kai137/ee4308/build/ee4308_turtle': CMAKE_PREFIX_PATH=/home/kai137/ee4308/install/ee4308_core:/home/kai137/ee4308/install/ee4308_turtle:/home/kai137/ee4308/install/ee4308_bringup:/opt/ros/humble /usr/bin/cmake --build /home/kai137/ee4308/build/ee4308_turtle -- -j16 -l16
[0.044s] [35m[1mConsolidate compiler generated dependencies of target ee4308_turtle_controller[0m
[0.059s] [ 25%] [32mBuilding CXX object CMakeFiles/ee4308_turtle_planner.dir/src/planner.cpp.o[0m
[0.059s] [ 50%] [32mBuilding CXX object CMakeFiles/ee4308_turtle_controller.dir/src/controller.cpp.o[0m
[2.487s] [01m[K/home/kai137/ee4308/src/ee4308_turtle/src/planner.cpp:[m[K In member function â€˜[01m[Kvirtual nav_msgs::msg::Path ee4308::turtle::Planner::createPlan(const PoseStamped&, const PoseStamped&)[m[Kâ€™:
[2.487s] [01m[K/home/kai137/ee4308/src/ee4308_turtle/src/planner.cpp:79:41:[m[K [01;31m[Kerror: [m[Kredeclaration of â€˜[01m[Kstd::vector<std::array<int, 2> > coords[m[Kâ€™
[2.487s]    79 |         std::vector<std::array<int, 2>> [01;31m[Kcoords[m[K;
[2.487s]       |                                         [01;31m[K^~~~~~[m[K
[2.487s] [01m[K/home/kai137/ee4308/src/ee4308_turtle/src/planner.cpp:51:41:[m[K [01;36m[Knote: [m[Kâ€˜[01m[Kstd::vector<std::array<int, 2> > coords[m[Kâ€™ previously declared here
[2.487s]    51 |         std::vector<std::array<int, 2>> [01;36m[Kcoords[m[K;
[2.487s]       |                                         [01;36m[K^~~~~~[m[K
[2.487s] [01m[K/home/kai137/ee4308/src/ee4308_turtle/src/planner.cpp:44:22:[m[K [01;31m[Kerror: [m[Kunused variable â€˜[01m[Kgoal_node[m[Kâ€™ [[01;31m[K]8;;https://gcc.gnu.org/onlinedocs/gcc/Warning-Options.html#index-Wunused-variable-Werror=unused-variable]8;;[m[K]
[2.487s]    44 |         PlannerNode* [01;31m[Kgoal_node[m[K = nodes.getNode(goal_mx, goal_my);
[2.488s]       |                      [01;31m[K^~~~~~~~~[m[K
[3.123s] cc1plus: all warnings being treated as errors
[3.141s] gmake[2]: *** [CMakeFiles/ee4308_turtle_planner.dir/build.make:76: CMakeFiles/ee4308_turtle_planner.dir/src/planner.cpp.o] Error 1
[3.141s] gmake[1]: *** [CMakeFiles/Makefile2:165: CMakeFiles/ee4308_turtle_planner.dir/all] Error 2
[3.141s] gmake[1]: *** Waiting for unfinished jobs....
[7.353s] [ 75%] [32m[1mLinking CXX shared library libee4308_turtle_controller.so[0m
[7.589s] [ 75%] Built target ee4308_turtle_controller
[7.590s] gmake: *** [Makefile:146: all] Error 2
[7.592s] Invoked command in '/home/kai137/ee4308/build/ee4308_turtle' returned '2': CMAKE_PREFIX_PATH=/home/kai137/ee4308/install/ee4308_core:/home/kai137/ee4308/install/ee4308_turtle:/home/kai137/ee4308/install/ee4308_bringup:/opt/ros/humble /usr/bin/cmake --build /home/kai137/ee4308/build/ee4308_turtle -- -j16 -l16
