[35m[1mConsolidate compiler generated dependencies of target ee4308_turtle_controller[0m
[ 50%] Built target ee4308_turtle_planner
[ 75%] [32mBuilding CXX object CMakeFiles/ee4308_turtle_controller.dir/src/controller.cpp.o[0m
[01m[K/home/kai137/ee4308/src/ee4308_turtle/src/controller.cpp:[m[K In member function â€˜[01m[Kvirtual geometry_msgs::msg::TwistStamped ee4308::turtle::Controller::computeVelocityCommands(const PoseStamped&, const Twist&, nav2_core::GoalChecker*)[m[Kâ€™:
[01m[K/home/kai137/ee4308/src/ee4308_turtle/src/controller.cpp:80:27:[m[K [01;31m[Kerror: [m[Kcomparison of integer expressions of different signedness: â€˜[01m[Kint[m[Kâ€™ and â€˜[01m[Kstd::vector<geometry_msgs::msg::PoseStamped_<std::allocator<void> >, std::allocator<geometry_msgs::msg::PoseStamped_<std::allocator<void> > > >::size_type[m[Kâ€™ {aka â€˜[01m[Klong unsigned int[m[Kâ€™} [[01;31m[K]8;;https://gcc.gnu.org/onlinedocs/gcc/Warning-Options.html#index-Wsign-compare-Werror=sign-compare]8;;[m[K]
   80 |         for (int i = 0; [01;31m[Ki < global_plan_.poses.size()[m[K; i++)
      |                         [01;31m[K~~^~~~~~~~~~~~~~~~~~~~~~~~~~~[m[K
[01m[K/home/kai137/ee4308/src/ee4308_turtle/src/controller.cpp:117:43:[m[K [01;31m[Kerror: [m[Kcomparison of integer expressions of different signedness: â€˜[01m[Kint[m[Kâ€™ and â€˜[01m[Kstd::vector<geometry_msgs::msg::PoseStamped_<std::allocator<void> >, std::allocator<geometry_msgs::msg::PoseStamped_<std::allocator<void> > > >::size_type[m[Kâ€™ {aka â€˜[01m[Klong unsigned int[m[Kâ€™} [[01;31m[K]8;;https://gcc.gnu.org/onlinedocs/gcc/Warning-Options.html#index-Wsign-compare-Werror=sign-compare]8;;[m[K]
  117 |         for (int i = closest_index + 1; [01;31m[Ki < global_plan_.poses.size()[m[K; i++)
      |                                         [01;31m[K~~^~~~~~~~~~~~~~~~~~~~~~~~~~~[m[K
cc1plus: all warnings being treated as errors
gmake[2]: *** [CMakeFiles/ee4308_turtle_controller.dir/build.make:76: CMakeFiles/ee4308_turtle_controller.dir/src/controller.cpp.o] Error 1
gmake[1]: *** [CMakeFiles/Makefile2:139: CMakeFiles/ee4308_turtle_controller.dir/all] Error 2
gmake: *** [Makefile:146: all] Error 2
