[01m[K/home/kai137/ee4308/src/ee4308_turtle/src/controller.cpp:[m[K In member function â€˜[01m[Kvirtual geometry_msgs::msg::TwistStamped ee4308::turtle::Controller::computeVelocityCommands(const PoseStamped&, const Twist&, nav2_core::GoalChecker*)[m[Kâ€™:
[01m[K/home/kai137/ee4308/src/ee4308_turtle/src/controller.cpp:68:28:[m[K [01;31m[Kerror: [m[Kstatement has no effect [[01;31m[K]8;;https://gcc.gnu.org/onlinedocs/gcc/Warning-Options.html#index-Wunused-value-Werror=unused-value]8;;[m[K]
   68 |         [01;31m[Kpose.pose.position.x[m[K; // position x of the robot
      |         [01;31m[K~~~~~~~~~~~~~~~~~~~^[m[K
[01m[K/home/kai137/ee4308/src/ee4308_turtle/src/controller.cpp:76:16:[m[K [01;31m[Kerror: [m[Kexpected â€˜[01m[K([m[Kâ€™ before â€˜[01m[Kdist[m[Kâ€™
   76 |             if [01;31m[Kd[m[K[32m[Kist[m[K < desired_lookahead_dist_
      |                [01;31m[K^[m[K[32m[K~~~[m[K
      |                [32m[K([m[K
[01m[K/home/kai137/ee4308/src/ee4308_turtle/src/controller.cpp:75:20:[m[K [01;31m[Kerror: [m[Kunused variable â€˜[01m[Kdist[m[Kâ€™ [[01;31m[K]8;;https://gcc.gnu.org/onlinedocs/gcc/Warning-Options.html#index-Wunused-variable-Werror=unused-variable]8;;[m[K]
   75 |             double [01;31m[Kdist[m[K = sqrt(std::pow(point_pose_x - robot_x, 2) + std::pow(point_pose_y - robot_y, 2));
      |                    [01;31m[K^~~~[m[K
cc1plus: all warnings being treated as errors
gmake[2]: *** [CMakeFiles/ee4308_turtle_controller.dir/build.make:76: CMakeFiles/ee4308_turtle_controller.dir/src/controller.cpp.o] Error 1
gmake[1]: *** [CMakeFiles/Makefile2:139: CMakeFiles/ee4308_turtle_controller.dir/all] Error 2
gmake: *** [Makefile:146: all] Error 2
