[0.020s] Invoking command in '/home/kai137/ee4308/build/ee4308_turtle': CMAKE_PREFIX_PATH=/home/kai137/ee4308/install/ee4308_core:/home/kai137/ee4308/install/ee4308_turtle:/home/kai137/ee4308/install/ee4308_bringup:/opt/ros/humble /usr/bin/cmake --build /home/kai137/ee4308/build/ee4308_turtle -- -j16 -l16
[0.056s] [35m[1mConsolidate compiler generated dependencies of target ee4308_turtle_controller[0m
[0.071s] [ 50%] Built target ee4308_turtle_planner
[0.075s] [ 75%] [32mBuilding CXX object CMakeFiles/ee4308_turtle_controller.dir/src/controller.cpp.o[0m
[1.994s] [01m[K/home/kai137/ee4308/src/ee4308_turtle/src/controller.cpp:131:9:[m[K [01;31m[Kerror: [m[Kexpected unqualified-id before â€˜[01m[Kfor[m[Kâ€™
[1.994s]   131 |         [01;31m[Kfor[m[K (size_t i = 0; i < global_plan_.poses.size(); i++)
[1.994s]       |         [01;31m[K^~~[m[K
[1.994s] [01m[K/home/kai137/ee4308/src/ee4308_turtle/src/controller.cpp:131:28:[m[K [01;31m[Kerror: [m[Kâ€˜[01m[Ki[m[Kâ€™ does not name a type
[1.994s]   131 |         for (size_t i = 0; [01;31m[Ki[m[K < global_plan_.poses.size(); i++)
[1.995s]       |                            [01;31m[K^[m[K
[1.995s] [01m[K/home/kai137/ee4308/src/ee4308_turtle/src/controller.cpp:131:59:[m[K [01;31m[Kerror: [m[Kâ€˜[01m[Ki[m[Kâ€™ does not name a type
[1.995s]   131 |         for (size_t i = 0; i < global_plan_.poses.size(); [01;31m[Ki[m[K++)
[1.995s]       |                                                           [01;31m[K^[m[K
[1.998s] [01m[K/home/kai137/ee4308/src/ee4308_turtle/src/controller.cpp:145:58:[m[K [01;31m[Kerror: [m[Kâ€˜[01m[Kgoal_pose[m[Kâ€™ was not declared in this scope
[1.998s]   145 |     geometry_msgs::msg::PoseStamped lookahead_pose = [01;31m[Kgoal_pose[m[K;
[1.998s]       |                                                      [01;31m[K^~~~~~~~~[m[K
[1.998s] 
[1.998s] [01m[K/home/kai137/ee4308/src/ee4308_turtle/src/controller.cpp:148:9:[m[K [01;31m[Kerror: [m[Kexpected unqualified-id before â€˜[01m[Kfor[m[Kâ€™
[1.998s]   148 |         [01;31m[Kfor[m[K (size_t j = closest_index + 1; j < global_plan_.poses.size(); j++)
[1.998s]       |         [01;31m[K^~~[m[K
[1.999s] [01m[K/home/kai137/ee4308/src/ee4308_turtle/src/controller.cpp:148:44:[m[K [01;31m[Kerror: [m[Kâ€˜[01m[Kj[m[Kâ€™ does not name a type
[1.999s]   148 |         for (size_t j = closest_index + 1; [01;31m[Kj[m[K < global_plan_.poses.size(); j++)
[1.999s]       |                                            [01;31m[K^[m[K
[1.999s] [01m[K/home/kai137/ee4308/src/ee4308_turtle/src/controller.cpp:148:75:[m[K [01;31m[Kerror: [m[Kâ€˜[01m[Kj[m[Kâ€™ does not name a type
[1.999s]   148 | ze_t j = closest_index + 1; j < global_plan_.poses.size(); [01;31m[Kj[m[K++)
[1.999s]       |                                                            [01;31m[K^[m[K
[1.999s] 
[2.001s] [01m[K/home/kai137/ee4308/src/ee4308_turtle/src/controller.cpp:162:59:[m[K [01;31m[Kerror: [m[Kâ€˜[01m[Krobot_x[m[Kâ€™ was not declared in this scope
[2.001s]   162 |      double delta_x = lookahead_pose.pose.position.x - [01;31m[Krobot_x[m[K;
[2.002s]       |                                                        [01;31m[K^~~~~~~[m[K
[2.002s] 
[2.004s] [01m[K/home/kai137/ee4308/src/ee4308_turtle/src/controller.cpp:163:59:[m[K [01;31m[Kerror: [m[Kâ€˜[01m[Krobot_y[m[Kâ€™ was not declared in this scope
[2.004s]   163 |      double delta_y = lookahead_pose.pose.position.y - [01;31m[Krobot_y[m[K;
[2.004s]       |                                                        [01;31m[K^~~~~~~[m[K
[2.004s] 
[2.007s] [01m[K/home/kai137/ee4308/src/ee4308_turtle/src/controller.cpp:165:41:[m[K [01;31m[Kerror: [m[Kâ€˜[01m[Kphi[m[Kâ€™ was not declared in this scope
[2.007s]   165 |         double x_r = delta_x * std::cos([01;31m[Kphi[m[K) + delta_y * std::sin(phi);
[2.007s]       |                                         [01;31m[K^~~[m[K
[2.009s] [01m[K/home/kai137/ee4308/src/ee4308_turtle/src/controller.cpp:165:67:[m[K [01;31m[Kerror: [m[Kâ€˜[01m[Kphi[m[Kâ€™ was not declared in this scope
[2.009s]   165 | double x_r = delta_x * std::cos(phi) + delta_y * std::sin([01;31m[Kphi[m[K);
[2.009s]       |                                                           [01;31m[K^~~[m[K
[2.009s] 
[2.011s] [01m[K/home/kai137/ee4308/src/ee4308_turtle/src/controller.cpp:166:41:[m[K [01;31m[Kerror: [m[Kâ€˜[01m[Kphi[m[Kâ€™ was not declared in this scope
[2.011s]   166 |         double y_r = delta_y * std::cos([01;31m[Kphi[m[K) - delta_x * std::sin(phi);
[2.011s]       |                                         [01;31m[K^~~[m[K
[2.013s] [01m[K/home/kai137/ee4308/src/ee4308_turtle/src/controller.cpp:166:67:[m[K [01;31m[Kerror: [m[Kâ€˜[01m[Kphi[m[Kâ€™ was not declared in this scope
[2.013s]   166 | double y_r = delta_y * std::cos(phi) - delta_x * std::sin([01;31m[Kphi[m[K);
[2.013s]       |                                                           [01;31m[K^~~[m[K
[2.013s] 
[2.017s] [01m[K/home/kai137/ee4308/src/ee4308_turtle/src/controller.cpp:173:30:[m[K [01;31m[Kerror: [m[Kâ€˜[01m[Kdesired_linear_vel_[m[Kâ€™ was not declared in this scope
[2.017s]   173 |         double angular_vel = [01;31m[Kdesired_linear_vel_[m[K * curvature;
[2.017s]       |                              [01;31m[K^~~~~~~~~~~~~~~~~~~[m[K
[2.021s] [01m[K/home/kai137/ee4308/src/ee4308_turtle/src/controller.cpp:176:39:[m[K [01;31m[Kerror: [m[Kâ€˜[01m[Kdesired_linear_vel_[m[Kâ€™ was not declared in this scope
[2.021s]   176 |         double regulated_linear_vel = [01;31m[Kdesired_linear_vel_[m[K;
[2.021s]       |                                       [01;31m[K^~~~~~~~~~~~~~~~~~~[m[K
[2.021s] [01m[K/home/kai137/ee4308/src/ee4308_turtle/src/controller.cpp:178:9:[m[K [01;31m[Kerror: [m[Kexpected unqualified-id before â€˜[01m[Kif[m[Kâ€™
[2.021s]   178 |         [01;31m[Kif[m[K (curvature_threshold < std::abs(curvature))
[2.022s]       |         [01;31m[K^~[m[K
[2.022s] [01m[K/home/kai137/ee4308/src/ee4308_turtle/src/controller.cpp:186:9:[m[K [01;31m[Kerror: [m[Kexpected unqualified-id before â€˜[01m[Kfor[m[Kâ€™
[2.022s]   186 |         [01;31m[Kfor[m[K (const auto &range: scan_ranges_)
[2.022s]       |         [01;31m[K^~~[m[K
[2.022s] [01m[K/home/kai137/ee4308/src/ee4308_turtle/src/controller.cpp:195:9:[m[K [01;31m[Kerror: [m[Kexpected unqualified-id before â€˜[01m[Kif[m[Kâ€™
[2.022s]   195 |         [01;31m[Kif[m[K (min_obstacle_dist < proximity_threshold)
[2.022s]       |         [01;31m[K^~[m[K
[2.024s] [01m[K/home/kai137/ee4308/src/ee4308_turtle/src/controller.cpp:202:9:[m[K [01;31m[Kerror: [m[Kâ€˜[01m[Kadjusted_lookahead[m[Kâ€™ does not name a type
[2.024s]   202 |         [01;31m[Kadjusted_lookahead[m[K = regulated_linear_vel * lookahead_gain;
[2.024s]       |         [01;31m[K^~~~~~~~~~~~~~~~~~[m[K
[2.026s] [01m[K/home/kai137/ee4308/src/ee4308_turtle/src/controller.cpp:205:9:[m[K [01;31m[Kerror: [m[Kâ€˜[01m[Kregulated_linear_vel[m[Kâ€™ does not name a type
[2.026s]   205 |         [01;31m[Kregulated_linear_vel[m[K = std::clamp(regulated_linear_vel, -max_linear_vel_, max_linear_vel_);
[2.026s]       |         [01;31m[K^~~~~~~~~~~~~~~~~~~~[m[K
[2.028s] [01m[K/home/kai137/ee4308/src/ee4308_turtle/src/controller.cpp:206:9:[m[K [01;31m[Kerror: [m[Kâ€˜[01m[Kangular_vel[m[Kâ€™ does not name a type
[2.028s]   206 |         [01;31m[Kangular_vel[m[K = std::clamp(angular_vel, -max_angular_vel_, max_angular_vel_);
[2.028s]       |         [01;31m[K^~~~~~~~~~~[m[K
[2.028s] [01m[K/home/kai137/ee4308/src/ee4308_turtle/src/controller.cpp:208:9:[m[K [01;31m[Kerror: [m[Kexpected unqualified-id before â€˜[01m[Kreturn[m[Kâ€™
[2.028s]   208 |         [01;31m[Kreturn[m[K writeCmdVel(regulated_linear_vel, angular_vel);
[2.028s]       |         [01;31m[K^~~~~~[m[K
[2.028s] [01m[K/home/kai137/ee4308/src/ee4308_turtle/src/controller.cpp:211:38:[m[K [01;31m[Kerror: [m[Kâ€˜[01m[KController[m[Kâ€™ has not been declared
[2.028s]   211 |     geometry_msgs::msg::TwistStamped [01;31m[KController[m[K::writeCmdVel(double linear_vel, double angular_vel)
[2.028s]       |                                      [01;31m[K^~~~~~~~~~[m[K
[2.028s] [01m[K/home/kai137/ee4308/src/ee4308_turtle/src/controller.cpp:218:1:[m[K [01;31m[Kerror: [m[Kexpected declaration before â€˜[01m[K}[m[Kâ€™ token
[2.028s]   218 | [01;31m[K}[m[K
[2.028s]       | [01;31m[K^[m[K
[3.679s] gmake[2]: *** [CMakeFiles/ee4308_turtle_controller.dir/build.make:76: CMakeFiles/ee4308_turtle_controller.dir/src/controller.cpp.o] Error 1
[3.679s] gmake[1]: *** [CMakeFiles/Makefile2:139: CMakeFiles/ee4308_turtle_controller.dir/all] Error 2
[3.679s] gmake: *** [Makefile:146: all] Error 2
[3.681s] Invoked command in '/home/kai137/ee4308/build/ee4308_turtle' returned '2': CMAKE_PREFIX_PATH=/home/kai137/ee4308/install/ee4308_core:/home/kai137/ee4308/install/ee4308_turtle:/home/kai137/ee4308/install/ee4308_bringup:/opt/ros/humble /usr/bin/cmake --build /home/kai137/ee4308/build/ee4308_turtle -- -j16 -l16
