[0.022s] Invoking command in '/home/kai137/ee4308/build/ee4308_turtle': CMAKE_PREFIX_PATH=/home/kai137/ee4308/install/ee4308_core:/home/kai137/ee4308/install/ee4308_turtle:/home/kai137/ee4308/install/ee4308_bringup:/opt/ros/humble /usr/bin/cmake --build /home/kai137/ee4308/build/ee4308_turtle -- -j16 -l16
[0.070s] [35m[1mConsolidate compiler generated dependencies of target ee4308_turtle_controller[0m
[0.088s] [ 25%] [32mBuilding CXX object CMakeFiles/ee4308_turtle_planner.dir/src/planner.cpp.o[0m
[0.089s] [ 50%] [32mBuilding CXX object CMakeFiles/ee4308_turtle_controller.dir/src/controller.cpp.o[0m
[3.285s] [01m[K/home/kai137/ee4308/src/ee4308_turtle/src/controller.cpp:[m[K In member function â€˜[01m[Kvirtual geometry_msgs::msg::TwistStamped ee4308::turtle::Controller::computeVelocityCommands(const PoseStamped&, const Twist&, nav2_core::GoalChecker*)[m[Kâ€™:
[3.285s] [01m[K/home/kai137/ee4308/src/ee4308_turtle/src/controller.cpp:119:13:[m[K [01;31m[Kerror: [m[Kâ€˜[01m[Klookahead_dist[m[Kâ€™ may be used uninitialized in this function [[01;31m[K]8;;https://gcc.gnu.org/onlinedocs/gcc/Warning-Options.html#index-Wmaybe-uninitialized-Werror=maybe-uninitialized]8;;[m[K]
[3.285s]   119 |             [01;31m[Kif[m[K (dist_from_robot >= lookahead_dist)
[3.285s]       |             [01;31m[K^~[m[K
[3.512s] cc1plus: all warnings being treated as errors
[3.526s] gmake[2]: *** [CMakeFiles/ee4308_turtle_controller.dir/build.make:76: CMakeFiles/ee4308_turtle_controller.dir/src/controller.cpp.o] Error 1
[3.526s] gmake[1]: *** [CMakeFiles/Makefile2:139: CMakeFiles/ee4308_turtle_controller.dir/all] Error 2
[3.526s] gmake[1]: *** Waiting for unfinished jobs....
[3.890s] [ 75%] [32m[1mLinking CXX shared library libee4308_turtle_planner.so[0m
[4.121s] [ 75%] Built target ee4308_turtle_planner
[4.122s] gmake: *** [Makefile:146: all] Error 2
[4.124s] Invoked command in '/home/kai137/ee4308/build/ee4308_turtle' returned '2': CMAKE_PREFIX_PATH=/home/kai137/ee4308/install/ee4308_core:/home/kai137/ee4308/install/ee4308_turtle:/home/kai137/ee4308/install/ee4308_bringup:/opt/ros/humble /usr/bin/cmake --build /home/kai137/ee4308/build/ee4308_turtle -- -j16 -l16
