[35m[1mConsolidate compiler generated dependencies of target ee4308_turtle_controller[0m
[ 50%] Built target ee4308_turtle_planner
[ 75%] [32mBuilding CXX object CMakeFiles/ee4308_turtle_controller.dir/src/controller.cpp.o[0m
[01m[K/home/kai137/ee4308/src/ee4308_turtle/src/controller.cpp:[m[K In member function â€˜[01m[Kvirtual geometry_msgs::msg::TwistStamped ee4308::turtle::Controller::computeVelocityCommands(const PoseStamped&, const Twist&, nav2_core::GoalChecker*)[m[Kâ€™:
[01m[K/home/kai137/ee4308/src/ee4308_turtle/src/controller.cpp:96:25:[m[K [01;31m[Kerror: [m[Kâ€˜[01m[Kdesired_lookahead_dist[m[Kâ€™ was not declared in this scope; did you mean â€˜[01m[Kdesired_lookahead_dist_[m[Kâ€™?
   96 |             if (dist >= [01;31m[Kdesired_lookahead_dist[m[K)
      |                         [01;31m[K^~~~~~~~~~~~~~~~~~~~~~[m[K
      |                         [32m[Kdesired_lookahead_dist_[m[K
[01m[K/home/kai137/ee4308/src/ee4308_turtle/src/controller.cpp:105:51:[m[K [01;31m[Kerror: [m[Kâ€˜[01m[Kyaw[m[Kâ€™ was not declared in this scope
  105 |         double phi = ee4308::getYawFromQuaternion([01;31m[Kyaw[m[K,&q);
      |                                                   [01;31m[K^~~[m[K
[01m[K/home/kai137/ee4308/src/ee4308_turtle/src/controller.cpp:105:56:[m[K [01;31m[Kerror: [m[Kâ€˜[01m[Kq[m[Kâ€™ was not declared in this scope
  105 |         double phi = ee4308::getYawFromQuaternion(yaw,&[01;31m[Kq[m[K);
      |                                                        [01;31m[K^[m[K
[01m[K/home/kai137/ee4308/src/ee4308_turtle/src/controller.cpp:107:9:[m[K [01;31m[Kerror: [m[Kâ€˜[01m[Kcout[m[Kâ€™ was not declared in this scope; did you mean â€˜[01m[Kstd::cout[m[Kâ€™?
  107 |         [01;31m[Kcout[m[K<<"phi: "<<phi<<endl;
      |         [01;31m[K^~~~[m[K
      |         [32m[Kstd::cout[m[K
In file included from [01m[K/opt/ros/humble/include/rclcpp/rclcpp/executor.hpp:22[m[K,
                 from [01m[K/opt/ros/humble/include/rclcpp/rclcpp/executors/multi_threaded_executor.hpp:25[m[K,
                 from [01m[K/opt/ros/humble/include/rclcpp/rclcpp/executors.hpp:21[m[K,
                 from [01m[K/opt/ros/humble/include/rclcpp/rclcpp/rclcpp.hpp:155[m[K,
                 from [01m[K/home/kai137/ee4308/src/ee4308_turtle/include/ee4308_turtle/controller.hpp:6[m[K,
                 from [01m[K/home/kai137/ee4308/src/ee4308_turtle/src/controller.cpp:1[m[K:
[01m[K/usr/include/c++/11/iostream:61:18:[m[K [01;36m[Knote: [m[Kâ€˜[01m[Kstd::cout[m[Kâ€™ declared here
   61 |   extern ostream [01;36m[Kcout[m[K;          /// Linked to standard output
      |                  [01;36m[K^~~~[m[K
[01m[K/home/kai137/ee4308/src/ee4308_turtle/src/controller.cpp:107:29:[m[K [01;31m[Kerror: [m[Kâ€˜[01m[Kendl[m[Kâ€™ was not declared in this scope; did you mean â€˜[01m[Kstd::endl[m[Kâ€™?
  107 |         cout<<"phi: "<<phi<<[01;31m[Kendl[m[K;
      |                             [01;31m[K^~~~[m[K
      |                             [32m[Kstd::endl[m[K
In file included from [01m[K/usr/include/c++/11/iostream:39[m[K,
                 from [01m[K/opt/ros/humble/include/rclcpp/rclcpp/executor.hpp:22[m[K,
                 from [01m[K/opt/ros/humble/include/rclcpp/rclcpp/executors/multi_threaded_executor.hpp:25[m[K,
                 from [01m[K/opt/ros/humble/include/rclcpp/rclcpp/executors.hpp:21[m[K,
                 from [01m[K/opt/ros/humble/include/rclcpp/rclcpp/rclcpp.hpp:155[m[K,
                 from [01m[K/home/kai137/ee4308/src/ee4308_turtle/include/ee4308_turtle/controller.hpp:6[m[K,
                 from [01m[K/home/kai137/ee4308/src/ee4308_turtle/src/controller.cpp:1[m[K:
[01m[K/usr/include/c++/11/ostream:684:5:[m[K [01;36m[Knote: [m[Kâ€˜[01m[Kstd::endl[m[Kâ€™ declared here
  684 |     [01;36m[Kendl[m[K(basic_ostream<_CharT, _Traits>& __os)
      |     [01;36m[K^~~~[m[K
[01m[K/home/kai137/ee4308/src/ee4308_turtle/src/controller.cpp:103:16:[m[K [01;31m[Kerror: [m[Kunused variable â€˜[01m[Kdelta_x[m[Kâ€™ [[01;31m[K]8;;https://gcc.gnu.org/onlinedocs/gcc/Warning-Options.html#index-Wunused-variable-Werror=unused-variable]8;;[m[K]
  103 |         double [01;31m[Kdelta_x[m[K = lookahead_pose.pose.position.x - robot_x;
      |                [01;31m[K^~~~~~~[m[K
[01m[K/home/kai137/ee4308/src/ee4308_turtle/src/controller.cpp:104:16:[m[K [01;31m[Kerror: [m[Kunused variable â€˜[01m[Kdelta_y[m[Kâ€™ [[01;31m[K]8;;https://gcc.gnu.org/onlinedocs/gcc/Warning-Options.html#index-Wunused-variable-Werror=unused-variable]8;;[m[K]
  104 |         double [01;31m[Kdelta_y[m[K = lookahead_pose.pose.position.y - robot_y;
      |                [01;31m[K^~~~~~~[m[K
cc1plus: all warnings being treated as errors
gmake[2]: *** [CMakeFiles/ee4308_turtle_controller.dir/build.make:76: CMakeFiles/ee4308_turtle_controller.dir/src/controller.cpp.o] Error 1
gmake[1]: *** [CMakeFiles/Makefile2:139: CMakeFiles/ee4308_turtle_controller.dir/all] Error 2
gmake: *** [Makefile:146: all] Error 2
