[0.014s] Invoking command in '/home/kai137/ee4308/build/ee4308_turtle': CMAKE_PREFIX_PATH=/home/kai137/ee4308/install/ee4308_core:/home/kai137/ee4308/install/ee4308_turtle:/home/kai137/ee4308/install/ee4308_bringup:/opt/ros/humble /usr/bin/cmake --build /home/kai137/ee4308/build/ee4308_turtle -- -j16 -l16
[0.054s] [35m[1mConsolidate compiler generated dependencies of target ee4308_turtle_controller[0m
[0.070s] [ 25%] [32mBuilding CXX object CMakeFiles/ee4308_turtle_controller.dir/src/controller.cpp.o[0m
[0.073s] [ 75%] Built target ee4308_turtle_planner
[2.017s] [01m[K/home/kai137/ee4308/src/ee4308_turtle/src/controller.cpp:[m[K In member function â€˜[01m[Kvirtual geometry_msgs::msg::TwistStamped ee4308::turtle::Controller::computeVelocityCommands(const PoseStamped&, const Twist&, nav2_core::GoalChecker*)[m[Kâ€™:
[2.017s] [01m[K/home/kai137/ee4308/src/ee4308_turtle/src/controller.cpp:127:36:[m[K [01;31m[Kerror: [m[Kâ€˜[01m[Kcurrent_lookahead_dist_[m[Kâ€™ was not declared in this scope; did you mean â€˜[01m[Kdesired_lookahead_dist_[m[Kâ€™?
[2.017s]   127 |             if (dist_from_robot >= [01;31m[Kcurrent_lookahead_dist_[m[K)
[2.017s]       |                                    [01;31m[K^~~~~~~~~~~~~~~~~~~~~~~[m[K
[2.017s]       |                                    [32m[Kdesired_lookahead_dist_[m[K
[3.687s] gmake[2]: *** [CMakeFiles/ee4308_turtle_controller.dir/build.make:76: CMakeFiles/ee4308_turtle_controller.dir/src/controller.cpp.o] Error 1
[3.687s] gmake[1]: *** [CMakeFiles/Makefile2:139: CMakeFiles/ee4308_turtle_controller.dir/all] Error 2
[3.688s] gmake: *** [Makefile:146: all] Error 2
[3.690s] Invoked command in '/home/kai137/ee4308/build/ee4308_turtle' returned '2': CMAKE_PREFIX_PATH=/home/kai137/ee4308/install/ee4308_core:/home/kai137/ee4308/install/ee4308_turtle:/home/kai137/ee4308/install/ee4308_bringup:/opt/ros/humble /usr/bin/cmake --build /home/kai137/ee4308/build/ee4308_turtle -- -j16 -l16
