[0.007s] Invoking command in '/home/kai137/ee4308/build/ee4308_turtle': CMAKE_PREFIX_PATH=/home/kai137/ee4308/install/ee4308_core:/home/kai137/ee4308/install/ee4308_turtle:/home/kai137/ee4308/install/ee4308_bringup:/opt/ros/humble /usr/bin/cmake --build /home/kai137/ee4308/build/ee4308_turtle -- -j16 -l16
[0.059s] [35m[1mConsolidate compiler generated dependencies of target ee4308_turtle_controller[0m
[0.075s] [ 50%] Built target ee4308_turtle_planner
[0.078s] [ 75%] [32mBuilding CXX object CMakeFiles/ee4308_turtle_controller.dir/src/controller.cpp.o[0m
[2.044s] [01m[K/home/kai137/ee4308/src/ee4308_turtle/src/controller.cpp:[m[K In member function â€˜[01m[Kvirtual void ee4308::turtle::Controller::configure(const WeakPtr&, std::string, std::shared_ptr<tf2_ros::Buffer>, std::shared_ptr<nav2_costmap_2d::Costmap2DROS>)[m[Kâ€™:
[2.044s] [01m[K/home/kai137/ee4308/src/ee4308_turtle/src/controller.cpp:44:9:[m[K [01;31m[Kerror: [m[Kâ€˜[01m[Kcurrent_lookahead_dist[m[Kâ€™ was not declared in this scope; did you mean â€˜[01m[Kcurrent_lookahead_dist_[m[Kâ€™?
[2.044s]    44 |         [01;31m[Kcurrent_lookahead_dist[m[K = desired_lookahead_dist_;
[2.044s]       |         [01;31m[K^~~~~~~~~~~~~~~~~~~~~~[m[K
[2.044s]       |         [32m[Kcurrent_lookahead_dist_[m[K
[2.045s] [01m[K/home/kai137/ee4308/src/ee4308_turtle/src/controller.cpp:[m[K In member function â€˜[01m[Kvirtual geometry_msgs::msg::TwistStamped ee4308::turtle::Controller::computeVelocityCommands(const PoseStamped&, const Twist&, nav2_core::GoalChecker*)[m[Kâ€™:
[2.045s] [01m[K/home/kai137/ee4308/src/ee4308_turtle/src/controller.cpp:133:9:[m[K [01;31m[Kerror: [m[Kexpected initializer before â€˜[01m[Kdouble[m[Kâ€™
[2.045s]   133 |         [01;31m[Kdouble[m[K delta_x = lookahead_pose.pose.position.x - robot_x;
[2.045s]       |         [01;31m[K^~~~~~[m[K
[2.049s] [01m[K/home/kai137/ee4308/src/ee4308_turtle/src/controller.cpp:136:22:[m[K [01;31m[Kerror: [m[Kâ€˜[01m[Kdelta_x[m[Kâ€™ was not declared in this scope; did you mean â€˜[01m[Kdelta_y[m[Kâ€™?
[2.049s]   136 |         double x_r = [01;31m[Kdelta_x[m[K * std::cos(phi) + delta_y * std::sin(phi);
[2.049s]       |                      [01;31m[K^~~~~~~[m[K
[2.049s]       |                      [32m[Kdelta_y[m[K
[2.959s] gmake[2]: *** [CMakeFiles/ee4308_turtle_controller.dir/build.make:76: CMakeFiles/ee4308_turtle_controller.dir/src/controller.cpp.o] Error 1
[2.959s] gmake[1]: *** [CMakeFiles/Makefile2:139: CMakeFiles/ee4308_turtle_controller.dir/all] Error 2
[2.959s] gmake: *** [Makefile:146: all] Error 2
[2.961s] Invoked command in '/home/kai137/ee4308/build/ee4308_turtle' returned '2': CMAKE_PREFIX_PATH=/home/kai137/ee4308/install/ee4308_core:/home/kai137/ee4308/install/ee4308_turtle:/home/kai137/ee4308/install/ee4308_bringup:/opt/ros/humble /usr/bin/cmake --build /home/kai137/ee4308/build/ee4308_turtle -- -j16 -l16
