[0.006s] Invoking command in '/home/kai137/ee4308/build/ee4308_turtle': CMAKE_PREFIX_PATH=/home/kai137/ee4308/install/ee4308_core:/home/kai137/ee4308/install/ee4308_turtle:/home/kai137/ee4308/install/ee4308_bringup:/opt/ros/humble /usr/bin/cmake --build /home/kai137/ee4308/build/ee4308_turtle -- -j16 -l16
[0.043s] [35m[1mConsolidate compiler generated dependencies of target ee4308_turtle_controller[0m
[0.054s] [ 50%] Built target ee4308_turtle_planner
[0.062s] [ 75%] [32mBuilding CXX object CMakeFiles/ee4308_turtle_controller.dir/src/controller.cpp.o[0m
[1.918s] [01m[K/home/kai137/ee4308/src/ee4308_turtle/src/controller.cpp:[m[K In member function â€˜[01m[Kvirtual geometry_msgs::msg::TwistStamped ee4308::turtle::Controller::computeVelocityCommands(const PoseStamped&, const Twist&, nav2_core::GoalChecker*)[m[Kâ€™:
[1.919s] [01m[K/home/kai137/ee4308/src/ee4308_turtle/src/controller.cpp:105:51:[m[K [01;31m[Kerror: [m[Kâ€˜[01m[Kyaw[m[Kâ€™ was not declared in this scope
[1.919s]   105 |         double phi = ee4308::getYawFromQuaternion([01;31m[Kyaw[m[K,&q);
[1.919s]       |                                                   [01;31m[K^~~[m[K
[1.921s] [01m[K/home/kai137/ee4308/src/ee4308_turtle/src/controller.cpp:105:56:[m[K [01;31m[Kerror: [m[Kâ€˜[01m[Kq[m[Kâ€™ was not declared in this scope
[1.921s]   105 |         double phi = ee4308::getYawFromQuaternion(yaw,&[01;31m[Kq[m[K);
[1.922s]       |                                                        [01;31m[K^[m[K
[1.922s] [01m[K/home/kai137/ee4308/src/ee4308_turtle/src/controller.cpp:103:16:[m[K [01;31m[Kerror: [m[Kunused variable â€˜[01m[Kdelta_x[m[Kâ€™ [[01;31m[K]8;;https://gcc.gnu.org/onlinedocs/gcc/Warning-Options.html#index-Wunused-variable-Werror=unused-variable]8;;[m[K]
[1.922s]   103 |         double [01;31m[Kdelta_x[m[K = lookahead_pose.pose.position.x - robot_x;
[1.922s]       |                [01;31m[K^~~~~~~[m[K
[1.922s] [01m[K/home/kai137/ee4308/src/ee4308_turtle/src/controller.cpp:104:16:[m[K [01;31m[Kerror: [m[Kunused variable â€˜[01m[Kdelta_y[m[Kâ€™ [[01;31m[K]8;;https://gcc.gnu.org/onlinedocs/gcc/Warning-Options.html#index-Wunused-variable-Werror=unused-variable]8;;[m[K]
[1.922s]   104 |         double [01;31m[Kdelta_y[m[K = lookahead_pose.pose.position.y - robot_y;
[1.922s]       |                [01;31m[K^~~~~~~[m[K
[2.766s] cc1plus: all warnings being treated as errors
[2.782s] gmake[2]: *** [CMakeFiles/ee4308_turtle_controller.dir/build.make:76: CMakeFiles/ee4308_turtle_controller.dir/src/controller.cpp.o] Error 1
[2.782s] gmake[1]: *** [CMakeFiles/Makefile2:139: CMakeFiles/ee4308_turtle_controller.dir/all] Error 2
[2.783s] gmake: *** [Makefile:146: all] Error 2
[2.785s] Invoked command in '/home/kai137/ee4308/build/ee4308_turtle' returned '2': CMAKE_PREFIX_PATH=/home/kai137/ee4308/install/ee4308_core:/home/kai137/ee4308/install/ee4308_turtle:/home/kai137/ee4308/install/ee4308_bringup:/opt/ros/humble /usr/bin/cmake --build /home/kai137/ee4308/build/ee4308_turtle -- -j16 -l16
