[0.015s] Invoking command in '/home/kai137/ee4308/build/ee4308_turtle': CMAKE_PREFIX_PATH=/home/kai137/ee4308/install/ee4308_core:/home/kai137/ee4308/install/ee4308_turtle:/home/kai137/ee4308/install/ee4308_bringup:/opt/ros/humble /usr/bin/cmake --build /home/kai137/ee4308/build/ee4308_turtle -- -j16 -l16
[0.051s] [35m[1mConsolidate compiler generated dependencies of target ee4308_turtle_controller[0m
[0.065s] [ 25%] [32mBuilding CXX object CMakeFiles/ee4308_turtle_controller.dir/src/controller.cpp.o[0m
[0.065s] [ 75%] Built target ee4308_turtle_planner
[1.931s] [01m[K/home/kai137/ee4308/src/ee4308_turtle/src/controller.cpp:[m[K In member function â€˜[01m[Kvirtual geometry_msgs::msg::TwistStamped ee4308::turtle::Controller::computeVelocityCommands(const PoseStamped&, const Twist&, nav2_core::GoalChecker*)[m[Kâ€™:
[1.932s] [01m[K/home/kai137/ee4308/src/ee4308_turtle/src/controller.cpp:72:28:[m[K [01;31m[Kerror: [m[Kstatement has no effect [[01;31m[K]8;;https://gcc.gnu.org/onlinedocs/gcc/Warning-Options.html#index-Wunused-value-Werror=unused-value]8;;[m[K]
[1.932s]    72 |         [01;31m[Kpose.pose.position.x[m[K; // position x of the robot
[1.932s]       |         [01;31m[K~~~~~~~~~~~~~~~~~~~^[m[K
[1.936s] [01m[K/home/kai137/ee4308/src/ee4308_turtle/src/controller.cpp:79:13:[m[K [01;31m[Kerror: [m[Kâ€˜[01m[Kdist[m[Kâ€™ was not declared in this scope
[1.936s]    79 |             [01;31m[Kdist[m[K = sqrt(pow(point_pose_x - robot_x, 2) + pow(point_pose_y - robot_y, 2));
[1.936s]       |             [01;31m[K^~~~[m[K
[1.936s] [01m[K/home/kai137/ee4308/src/ee4308_turtle/src/controller.cpp:80:16:[m[K [01;31m[Kerror: [m[Kexpected â€˜[01m[K([m[Kâ€™ before â€˜[01m[Kdist[m[Kâ€™
[1.936s]    80 |             if [01;31m[Kd[m[K[32m[Kist[m[K < desired_lookahead_dist_
[1.936s]       |                [01;31m[K^[m[K[32m[K~~~[m[K
[1.936s]       |                [32m[K([m[K
[2.778s] cc1plus: all warnings being treated as errors
[2.791s] gmake[2]: *** [CMakeFiles/ee4308_turtle_controller.dir/build.make:76: CMakeFiles/ee4308_turtle_controller.dir/src/controller.cpp.o] Error 1
[2.791s] gmake[1]: *** [CMakeFiles/Makefile2:139: CMakeFiles/ee4308_turtle_controller.dir/all] Error 2
[2.791s] gmake: *** [Makefile:146: all] Error 2
[2.793s] Invoked command in '/home/kai137/ee4308/build/ee4308_turtle' returned '2': CMAKE_PREFIX_PATH=/home/kai137/ee4308/install/ee4308_core:/home/kai137/ee4308/install/ee4308_turtle:/home/kai137/ee4308/install/ee4308_bringup:/opt/ros/humble /usr/bin/cmake --build /home/kai137/ee4308/build/ee4308_turtle -- -j16 -l16
