[0.013s] Invoking command in '/home/kai137/ee4308/build/ee4308_turtle': CMAKE_PREFIX_PATH=/home/kai137/ee4308/install/ee4308_core:/home/kai137/ee4308/install/ee4308_turtle:/home/kai137/ee4308/install/ee4308_bringup:/opt/ros/humble /usr/bin/cmake --build /home/kai137/ee4308/build/ee4308_turtle -- -j16 -l16
[0.058s] [35m[1mConsolidate compiler generated dependencies of target ee4308_turtle_controller[0m
[0.079s] [ 25%] [32mBuilding CXX object CMakeFiles/ee4308_turtle_controller.dir/src/controller.cpp.o[0m
[0.082s] [ 75%] Built target ee4308_turtle_planner
[2.035s] [01m[K/home/kai137/ee4308/src/ee4308_turtle/src/controller.cpp:[m[K In member function â€˜[01m[Kvirtual geometry_msgs::msg::TwistStamped ee4308::turtle::Controller::computeVelocityCommands(const PoseStamped&, const Twist&, nav2_core::GoalChecker*)[m[Kâ€™:
[2.035s] [01m[K/home/kai137/ee4308/src/ee4308_turtle/src/controller.cpp:76:16:[m[K [01;31m[Kerror: [m[Kexpected â€˜[01m[K([m[Kâ€™ before â€˜[01m[Kdist[m[Kâ€™
[2.035s]    76 |             if [01;31m[Kd[m[K[32m[Kist[m[K < shortest_dist
[2.036s]       |                [01;31m[K^[m[K[32m[K~~~[m[K
[2.036s]       |                [32m[K([m[K
[2.037s] [01m[K/home/kai137/ee4308/src/ee4308_turtle/src/controller.cpp:64:16:[m[K [01;31m[Kerror: [m[Kunused variable â€˜[01m[Kshortest_dist[m[Kâ€™ [[01;31m[K]8;;https://gcc.gnu.org/onlinedocs/gcc/Warning-Options.html#index-Wunused-variable-Werror=unused-variable]8;;[m[K]
[2.037s]    64 |         double [01;31m[Kshortest_dist[m[K;
[2.037s]       |                [01;31m[K^~~~~~~~~~~~~[m[K
[2.874s] cc1plus: all warnings being treated as errors
[2.889s] gmake[2]: *** [CMakeFiles/ee4308_turtle_controller.dir/build.make:76: CMakeFiles/ee4308_turtle_controller.dir/src/controller.cpp.o] Error 1
[2.889s] gmake[1]: *** [CMakeFiles/Makefile2:139: CMakeFiles/ee4308_turtle_controller.dir/all] Error 2
[2.889s] gmake: *** [Makefile:146: all] Error 2
[2.891s] Invoked command in '/home/kai137/ee4308/build/ee4308_turtle' returned '2': CMAKE_PREFIX_PATH=/home/kai137/ee4308/install/ee4308_core:/home/kai137/ee4308/install/ee4308_turtle:/home/kai137/ee4308/install/ee4308_bringup:/opt/ros/humble /usr/bin/cmake --build /home/kai137/ee4308/build/ee4308_turtle -- -j16 -l16
